<?xml version="1.0" encoding="UTF-8"?>
<!-- Generated by org.testng.reporters.JUnitReportReporter -->
<testsuite hostname="yasverma" name="com.IBM.eStrategy.MyTest.TC01" tests="1" failures="0" timestamp="17 Dec 2017 18:32:26 GMT" time="5.424" errors="0">
  <testcase name="sampleTest" time="5.424" classname="com.IBM.eStrategy.MyTest.TC01"/>
</testsuite> <!-- com.IBM.eStrategy.MyTest.TC01 -->
