<?xml version="1.0" encoding="UTF-8"?>
<!-- Generated by org.testng.reporters.JUnitReportReporter -->
<testsuite hostname="yasverma" name="com.IBM.eStrategy.MyTest.TC01" tests="1" failures="0" timestamp="18 Dec 2017 17:36:00 GMT" time="5.440" errors="0">
  <testcase name="sampleTest" time="5.440" classname="com.IBM.eStrategy.MyTest.TC01"/>
</testsuite> <!-- com.IBM.eStrategy.MyTest.TC01 -->
