<?xml version="1.0" encoding="UTF-8"?>
<!-- Generated by org.testng.reporters.JUnitReportReporter -->
<testsuite hostname="yasverma" name="com.IBM.eStrategy.createAccountPage.TC002_NewAccount" tests="1" failures="0" timestamp="20 Dec 2017 18:25:28 GMT" time="10.851" errors="0">
  <testcase name="registerNewAccount" time="10.851" classname="com.IBM.eStrategy.createAccountPage.TC002_NewAccount"/>
</testsuite> <!-- com.IBM.eStrategy.createAccountPage.TC002_NewAccount -->
