<?xml version="1.0" encoding="UTF-8"?>
<!-- Generated by org.testng.reporters.JUnitReportReporter -->
<testsuite hostname="yasverma" name="com.IBM.eStrategy.MyTest.TC01_LaunchBrowser" tests="1" failures="0" timestamp="15 Dec 2017 12:22:21 GMT" time="6.989" errors="0">
  <testcase name="launch_chrome" time="6.989" classname="com.IBM.eStrategy.MyTest.TC01_LaunchBrowser"/>
</testsuite> <!-- com.IBM.eStrategy.MyTest.TC01_LaunchBrowser -->
