<?xml version="1.0" encoding="UTF-8"?>
<!-- Generated by org.testng.reporters.JUnitReportReporter -->
<testsuite hostname="yasverma" name="com.IBM.eStrategy.loginPage.TC001_Login_Invalid_Creds" tests="1" failures="0" timestamp="20 Dec 2017 08:34:04 GMT" time="14.934" errors="0">
  <testcase name="loginToApplication" time="14.934" classname="com.IBM.eStrategy.loginPage.TC001_Login_Invalid_Creds"/>
</testsuite> <!-- com.IBM.eStrategy.loginPage.TC001_Login_Invalid_Creds -->
